<?xml version="1.0" encoding="UTF-8"?>
<testsuite xmlns:xsi="http://www.w3.org/2001/XMLSchema-instance" xsi:noNamespaceSchemaLocation="https://maven.apache.org/surefire/maven-surefire-plugin/xsd/surefire-test-report.xsd" name="TestSuite" time="22.35" tests="7" errors="0" skipped="0" failures="0">
  <properties>
    <property name="java.specification.version" value="15"/>
    <property name="RUN_DISPLAY_URL" value="http://100.69.11.246:8080/job/MavenIntegrationProject/1/display/redirect"/>
    <property name="HUDSON_HOME" value="C:\Users\Dell\.jenkins"/>
    <property name="sun.cpu.isalist" value="amd64"/>
    <property name="RUN_CHANGES_DISPLAY_URL" value="http://100.69.11.246:8080/job/MavenIntegrationProject/1/display/redirect?page=changes"/>
    <property name="sun.jnu.encoding" value="Cp1252"/>
    <property name="SESSIONNAME" value="Console"/>
    <property name="ALLUSERSPROFILE" value="C:\ProgramData"/>
    <property name="sun.arch.data.model" value="64"/>
    <property name="ANDROID_HOME" value="C:\Users\Dell\AppData\Local\Android\Sdk"/>
    <property name="SystemDrive" value="C:"/>
    <property name="=ExitCode" value="00000000"/>
    <property name="java.vendor.url" value="https://java.oracle.com/"/>
    <property name="JENKINS_SERVER_COOKIE" value="42c46c5f03afd81b"/>
    <property name="USERNAME" value="Dell"/>
    <property name="ProgramFiles(x86)" value="C:\Program Files (x86)"/>
    <property name="JENKINS_URL" value="http://100.69.11.246:8080/"/>
    <property name="sun.boot.library.path" value="C:\Program Files\Java\jdk-15.0.2\bin"/>
    <property name="sun.java.command" value="jenkins.maven3.agent.Maven35Main C:\Users\Dell\Downloads\apache-maven-3.8.3-bin\apache-maven-3.8.3 C:\Users\Dell\.jenkins\war\WEB-INF\lib\remoting-4.10.jar C:\Users\Dell\.jenkins\plugins\maven-plugin\WEB-INF\lib\maven35-interceptor-1.13.jar C:\Users\Dell\.jenkins\plugins\maven-plugin\WEB-INF\lib\maven3-interceptor-commons-1.13.jar 50921"/>
    <property name="FPS_BROWSER_USER_PROFILE_STRING" value="Default"/>
    <property name="maven.home" value="C:\Users\Dell\Downloads\apache-maven-3.8.3-bin\apache-maven-3.8.3"/>
    <property name="jdk.debug" value="release"/>
    <property name="PATHEXT" value=".COM;.EXE;.BAT;.CMD;.VBS;.VBE;.JS;.JSE;.WSF;.WSH;.MSC"/>
    <property name="DriverData" value="C:\Windows\System32\Drivers\DriverData"/>
    <property name="java.specification.vendor" value="Oracle Corporation"/>
    <property name="jansi.mode" value="strip"/>
    <property name="java.version.date" value="2021-01-19"/>
    <property name="java.home" value="C:\Program Files\Java\jdk-15.0.2"/>
    <property name="JENKINS_HOME" value="C:\Users\Dell\.jenkins"/>
    <property name="file.separator" value="\"/>
    <property name="java.vm.compressedOopsMode" value="32-bit"/>
    <property name="line.separator" value="&#10;"/>
    <property name="HOMEPATH" value="\Users\Dell"/>
    <property name="NODE_NAME" value="master"/>
    <property name="java.vm.specification.vendor" value="Oracle Corporation"/>
    <property name="java.specification.name" value="Java Platform API Specification"/>
    <property name="BUILD_DISPLAY_NAME" value="#1"/>
    <property name="PROCESSOR_IDENTIFIER" value="Intel64 Family 6 Model 42 Stepping 7, GenuineIntel"/>
    <property name="maven3.interceptor" value="C:\Users\Dell\.jenkins\plugins\maven-plugin\WEB-INF\lib\maven35-interceptor-1.13.jar"/>
    <property name="PATH+MAVEN" value="C:\Users\Dell\Downloads\apache-maven-3.8.3-bin\apache-maven-3.8.3/bin"/>
    <property name="maven3.interceptor.common" value="C:\Users\Dell\.jenkins\plugins\maven-plugin\WEB-INF\lib\maven3-interceptor-commons-1.13.jar"/>
    <property name="ProgramFiles" value="C:\Program Files"/>
    <property name="PUBLIC" value="C:\Users\Public"/>
    <property name="windir" value="C:\WINDOWS"/>
    <property name="=::" value="::\"/>
    <property name="WORKSPACE_TMP" value="C:\Users\Dell\.jenkins\workspace\MavenIntegrationProject@tmp"/>
    <property name="user.script" value=""/>
    <property name="sun.management.compiler" value="HotSpot 64-Bit Tiered Compilers"/>
    <property name="FPS_BROWSER_APP_PROFILE_STRING" value="Internet Explorer"/>
    <property name="java.runtime.version" value="15.0.2+7-27"/>
    <property name="JAVA_HOME" value="C:\Program Files\Java\jdk-15.0.2"/>
    <property name="PROMPT" value="$P$G"/>
    <property name="user.name" value="Dell"/>
    <property name="OneDrive" value="C:\Users\Dell\OneDrive"/>
    <property name="file.encoding" value="Cp1252"/>
    <property name="=C:" value="C:\Jenkins"/>
    <property name="APPDATA" value="C:\Users\Dell\AppData\Roaming"/>
    <property name="guice.disable.misplaced.annotation.check" value="true"/>
    <property name="HUDSON_URL" value="http://100.69.11.246:8080/"/>
    <property name="WORKSPACE" value="C:\Users\Dell\.jenkins\workspace\MavenIntegrationProject"/>
    <property name="Path" value="C:\Program Files\Java\jdk-15.0.2/bin;C:\Program Files\Common Files;C:\Program Files (x86)\Common Files\ArcSoft\Bin;C:\WINDOWS\system32;C:\WINDOWS;C:\WINDOWS\System32\Wbem;C:\WINDOWS\System32\WindowsPowerShell\v1.0\;C:\Program Files\Java\jdk-15.0.2\bin;C:\Users\Dell\AppData\Local\Android\Sdk\tools\bin;C:\Users\Dell\AppData\Local\Android\Sdk\tools;C:\Users\Dell\AppData\Local\Android\Sdk\platform-tools;C:\Program Files\nodejs\;C:\Program Files\nodejs\node_modules\npm\bin;C:\Program Files\Git\cmd;C:\Users\Dell\Downloads\apache-maven-3.8.3-bin\apache-maven-3.8.3\bin;C:\Users\Dell\Downloads\allure-commandline-2.13.0\allure-2.13.0\bin;;C:\WINDOWS\System32\OpenSSH\;C:\Users\Dell\AppData\Roaming\npm;%USERPROFILE%\AppData\Local\Microsoft\WindowsApps;"/>
    <property name="java.io.tmpdir" value="C:\Users\Dell\AppData\Local\Temp\"/>
    <property name="java.version" value="15.0.2"/>
    <property name="NODE_HOME" value="C:\Program Files\nodejs"/>
    <property name="CI" value="true"/>
    <property name="COMPUTERNAME" value="DESKTOP-E80DE1T"/>
    <property name="java.vm.specification.name" value="Java Virtual Machine Specification"/>
    <property name="JOB_BASE_NAME" value="MavenIntegrationProject"/>
    <property name="sun.os.patch.level" value=""/>
    <property name="ComSpec" value="C:\WINDOWS\system32\cmd.exe"/>
    <property name="org.slf4j.simpleLogger.defaultLogLevel" value="info"/>
    <property name="java.library.path" value="C:\Program Files\Java\jdk-15.0.2\bin;C:\WINDOWS\Sun\Java\bin;C:\WINDOWS\system32;C:\WINDOWS;C:\Users\Dell\Downloads\apache-maven-3.8.3-bin\apache-maven-3.8.3/bin;C:\Program Files\Java\jdk-15.0.2/bin;C:\Program Files\Java\jdk-15.0.2/bin;C:\Program Files\Common Files;C:\Program Files (x86)\Common Files\ArcSoft\Bin;C:\WINDOWS\system32;C:\WINDOWS;C:\WINDOWS\System32\Wbem;C:\WINDOWS\System32\WindowsPowerShell\v1.0\;C:\Program Files\Java\jdk-15.0.2\bin;C:\Users\Dell\AppData\Local\Android\Sdk\tools\bin;C:\Users\Dell\AppData\Local\Android\Sdk\tools;C:\Users\Dell\AppData\Local\Android\Sdk\platform-tools;C:\Program Files\nodejs\;C:\Program Files\nodejs\node_modules\npm\bin;C:\Program Files\Git\cmd;C:\Users\Dell\Downloads\apache-maven-3.8.3-bin\apache-maven-3.8.3\bin;C:\Users\Dell\Downloads\allure-commandline-2.13.0\allure-2.13.0\bin;;C:\WINDOWS\System32\OpenSSH\;C:\Users\Dell\AppData\Roaming\npm;%USERPROFILE%\AppData\Local\Microsoft\WindowsApps;;."/>
    <property name="BUILD_NUMBER" value="1"/>
    <property name="java.vendor" value="Oracle Corporation"/>
    <property name="BUILD_URL" value="http://100.69.11.246:8080/job/MavenIntegrationProject/1/"/>
    <property name="HOMEDRIVE" value="C:"/>
    <property name="RUN_ARTIFACTS_DISPLAY_URL" value="http://100.69.11.246:8080/job/MavenIntegrationProject/1/display/redirect?page=artifacts"/>
    <property name="sun.io.unicode.encoding" value="UnicodeLittle"/>
    <property name="NUMBER_OF_PROCESSORS" value="4"/>
    <property name="USERDOMAIN_ROAMINGPROFILE" value="DESKTOP-E80DE1T"/>
    <property name="PROCESSOR_LEVEL" value="6"/>
    <property name="JOB_URL" value="http://100.69.11.246:8080/job/MavenIntegrationProject/"/>
    <property name="java.class.path" value="C:\Users\Dell\.jenkins\plugins\maven-plugin\WEB-INF\lib\maven35-agent-1.13.jar;C:\Users\Dell\Downloads\apache-maven-3.8.3-bin\apache-maven-3.8.3\boot\plexus-classworlds-2.6.0.jar;C:\Users\Dell\Downloads\apache-maven-3.8.3-bin\apache-maven-3.8.3/conf/logging"/>
    <property name="java.vm.vendor" value="Oracle Corporation"/>
    <property name="PROCESSOR_ARCHITECTURE" value="AMD64"/>
    <property name="PSModulePath" value="C:\Program Files\WindowsPowerShell\Modules;C:\WINDOWS\system32\WindowsPowerShell\v1.0\Modules"/>
    <property name="user.variant" value=""/>
    <property name="MAVEN_HOME" value="C:\Users\Dell\Downloads\apache-maven-3.8.3-bin\apache-maven-3.8.3"/>
    <property name="user.timezone" value="Asia/Calcutta"/>
    <property name="maven.conf" value="C:\Users\Dell\Downloads\apache-maven-3.8.3-bin\apache-maven-3.8.3\conf"/>
    <property name="java.vm.specification.version" value="15"/>
    <property name="os.name" value="Windows 10"/>
    <property name="RUN_TESTS_DISPLAY_URL" value="http://100.69.11.246:8080/job/MavenIntegrationProject/1/display/redirect?page=tests"/>
    <property name="user.country" value="US"/>
    <property name="sun.java.launcher" value="SUN_STANDARD"/>
    <property name="BUILD_TAG" value="jenkins-MavenIntegrationProject-1"/>
    <property name="sun.cpu.endian" value="little"/>
    <property name="user.home" value="C:\Users\Dell"/>
    <property name="user.language" value="en"/>
    <property name="ProgramData" value="C:\ProgramData"/>
    <property name="ProgramW6432" value="C:\Program Files"/>
    <property name="JOB_DISPLAY_URL" value="http://100.69.11.246:8080/job/MavenIntegrationProject/display/redirect"/>
    <property name="M2_HOME" value="C:\Users\Dell\Downloads\apache-maven-3.8.3-bin\apache-maven-3.8.3"/>
    <property name="LOCALAPPDATA" value="C:\Users\Dell\AppData\Local"/>
    <property name="USERDOMAIN" value="DESKTOP-E80DE1T"/>
    <property name="LOGONSERVER" value="\\DESKTOP-E80DE1T"/>
    <property name="path.separator" value=";"/>
    <property name="BUILD_ID" value="1"/>
    <property name="os.version" value="10.0"/>
    <property name="JOB_NAME" value="MavenIntegrationProject"/>
    <property name="java.runtime.name" value="Java(TM) SE Runtime Environment"/>
    <property name="NODE_LABELS" value="master"/>
    <property name="java.vm.name" value="Java HotSpot(TM) 64-Bit Server VM"/>
    <property name="PATH+JDK" value="C:\Program Files\Java\jdk-15.0.2/bin"/>
    <property name="CommonProgramFiles" value="C:\Program Files\Common Files"/>
    <property name="java.vendor.url.bug" value="https://bugreport.java.com/bugreport/"/>
    <property name="OS" value="Windows_NT"/>
    <property name="user.dir" value="C:\Users\Dell\Downloads\DemoMavenProjectNew\DemoMavenProjectNew"/>
    <property name="os.arch" value="amd64"/>
    <property name="EXECUTOR_NUMBER" value="0"/>
    <property name="HUDSON_SERVER_COOKIE" value="42c46c5f03afd81b"/>
    <property name="PROCESSOR_REVISION" value="2a07"/>
    <property name="CLASSPATH" value=""/>
    <property name="CommonProgramW6432" value="C:\Program Files\Common Files"/>
    <property name="SystemRoot" value="C:\WINDOWS"/>
    <property name="TEMP" value="C:\Users\Dell\AppData\Local\Temp"/>
    <property name="java.vm.info" value="mixed mode, sharing"/>
    <property name="java.vm.version" value="15.0.2+7-27"/>
    <property name="USERPROFILE" value="C:\Users\Dell"/>
    <property name="TMP" value="C:\Users\Dell\AppData\Local\Temp"/>
    <property name="CommonProgramFiles(x86)" value="C:\Program Files (x86)\Common Files"/>
    <property name="java.class.version" value="59.0"/>
  </properties>
  <testcase name="createBoard" classname="com.demo.Trello.TC1_CreateBoard" time="5.52"/>
  <testcase name="createList" classname="com.demo.Trello.TC2_CreateList" time="0.849"/>
  <testcase name="createCard" classname="com.demo.Trello.TC3_CreateCard" time="0.964"/>
  <testcase name="getCard" classname="com.demo.Trello.TC4_GetCard" time="0.777"/>
  <testcase name="updateCard" classname="com.demo.Trello.TC5_UpdateCard" time="0.727"/>
  <testcase name="deleteCard" classname="com.demo.Trello.TC6_DeleteCard" time="0.874"/>
  <testcase name="createBoard" classname="com.demo.Trello.DeleteBoard" time="0.763"/>
</testsuite>