<?xml version="1.0" encoding="UTF-8"?>
<!-- Generated by org.testng.reporters.JUnitReportReporter -->
<testsuite hostname="LAPTOP-MRSNP4RR" failures="0" tests="1" name="com.demo.testscripts.TC_05_ResponseSpec" time="1.848" errors="0" timestamp="2021-10-21T13:52:31 IST" skipped="0">
  <testcase classname="com.demo.testscripts.TC_05_ResponseSpec" name="listSingleUser" time="1.848"/>
  <system-out/>
</testsuite> <!-- com.demo.testscripts.TC_05_ResponseSpec -->
