<?xml version="1.0" encoding="UTF-8"?>
<!-- Generated by org.testng.reporters.JUnitReportReporter -->
<testsuite hostname="LAPTOP-MRSNP4RR" failures="0" tests="1" name="com.demo.testscripts.TC3_Authenticate" time="1.460" errors="0" timestamp="2021-10-19T16:46:27 IST" skipped="0">
  <testcase classname="com.demo.testscripts.TC3_Authenticate" name="getListUser" time="1.460"/>
  <system-out/>
</testsuite> <!-- com.demo.testscripts.TC3_Authenticate -->
