<?xml version="1.0" encoding="UTF-8"?>
<!-- Generated by org.testng.reporters.JUnitReportReporter -->
<testsuite hostname="LAPTOP-MRSNP4RR" failures="0" tests="1" name="com.demo.practice.FormParameter" time="6.306" errors="0" timestamp="2021-10-20T17:30:55 IST" skipped="0">
  <testcase classname="com.demo.practice.FormParameter" name="form_urlencoded" time="6.306"/>
  <system-out/>
</testsuite> <!-- com.demo.practice.FormParameter -->
