<?xml version="1.0" encoding="UTF-8"?>
<!-- Generated by org.testng.reporters.JUnitReportReporter -->
<testsuite hostname="LAPTOP-MRSNP4RR" failures="0" tests="1" name="com.demo.testscripts.TC5_UpdateProject" time="1.465" errors="0" timestamp="2021-10-20T13:38:22 IST" skipped="0">
  <testcase classname="com.demo.testscripts.TC5_UpdateProject" name="updateProjectTest" time="1.465"/>
  <system-out/>
</testsuite> <!-- com.demo.testscripts.TC5_UpdateProject -->
