<?xml version="1.0" encoding="UTF-8"?>
<!-- Generated by org.testng.reporters.JUnitReportReporter -->
<testsuite hostname="LAPTOP-MRSNP4RR" failures="0" tests="1" name="com.demo.practice.TC5_RequestSpecification2" time="2.702" errors="0" timestamp="2021-10-20T16:10:53 IST" skipped="0">
  <testcase classname="com.demo.practice.TC5_RequestSpecification2" name="listSingleUser" time="2.702"/>
  <system-out/>
</testsuite> <!-- com.demo.practice.TC5_RequestSpecification2 -->
