<?xml version="1.0" encoding="UTF-8"?>
<!-- Generated by org.testng.reporters.JUnitReportReporter -->
<testsuite hostname="LAPTOP-MRSNP4RR" failures="0" tests="1" name="com.demo.testscripts.TC6_GetAllProjects" time="1.386" errors="0" timestamp="2021-10-20T13:26:56 IST" skipped="0">
  <testcase classname="com.demo.testscripts.TC6_GetAllProjects" name="getProjectTest" time="1.386"/>
  <system-out/>
</testsuite> <!-- com.demo.testscripts.TC6_GetAllProjects -->
