<?xml version="1.0" encoding="UTF-8"?>
<!-- Generated by org.testng.reporters.JUnitReportReporter -->
<testsuite hostname="DESKTOP-E80DE1T" failures="0" tests="1" name="com.demo.Trello.DeleteBoard" time="3.486" errors="0" timestamp="2021-10-31T13:26:34 IST" skipped="0">
  <testcase classname="com.demo.Trello.DeleteBoard" name="createBoard" time="3.486"/>
  <system-out/>
</testsuite> <!-- com.demo.Trello.DeleteBoard -->
