<?xml version="1.0" encoding="UTF-8"?>
<!-- Generated by org.testng.reporters.JUnitReportReporter -->
<testsuite hostname="DESKTOP-E80DE1T" failures="0" tests="1" name="com.demo.JobPortal.TC7_UpdateUsingPatch" time="1.353" errors="0" timestamp="2021-10-24T22:16:36 IST" skipped="0">
  <testcase classname="com.demo.JobPortal.TC7_UpdateUsingPatch" name="updateProjectUsingPatch" time="1.353"/>
  <system-out/>
</testsuite> <!-- com.demo.JobPortal.TC7_UpdateUsingPatch -->
