<?xml version="1.0" encoding="UTF-8"?>
<!-- Generated by org.testng.reporters.JUnitReportReporter -->
<testsuite hostname="LAPTOP-MRSNP4RR" failures="0" tests="1" name="com.demo.practice.TC_RestSpec" time="2.277" errors="0" timestamp="2021-10-20T16:25:13 IST" skipped="0">
  <testcase classname="com.demo.practice.TC_RestSpec" name="userSignUpTest123" time="2.277"/>
  <system-out/>
</testsuite> <!-- com.demo.practice.TC_RestSpec -->
