<?xml version="1.0" encoding="UTF-8"?>
<!-- Generated by org.testng.reporters.JUnitReportReporter -->
<testsuite hostname="LAPTOP-MRSNP4RR" failures="0" tests="1" name="com.demo.testscripts.TC4_GetAllProjects" time="1.550" errors="0" timestamp="2021-10-20T15:56:55 IST" skipped="0">
  <testcase classname="com.demo.testscripts.TC4_GetAllProjects" name="getListUser" time="1.550"/>
  <system-out/>
</testsuite> <!-- com.demo.testscripts.TC4_GetAllProjects -->
