<?xml version="1.0" encoding="UTF-8"?>
<!-- Generated by org.testng.reporters.JUnitReportReporter -->
<testsuite hostname="LAPTOP-MRSNP4RR" failures="0" tests="1" name="com.demo.JobPortal.Testing" time="13.641" errors="0" timestamp="2021-10-22T16:08:51 IST" skipped="0">
  <testcase classname="com.demo.JobPortal.Testing" name="createProject" time="13.641"/>
  <system-out/>
</testsuite> <!-- com.demo.JobPortal.Testing -->
