<?xml version="1.0" encoding="UTF-8"?>
<!-- Generated by org.testng.reporters.JUnitReportReporter -->
<testsuite hostname="DESKTOP-E80DE1T" failures="0" tests="1" name="com.demo.Trello.Trello_Test" time="3.042" errors="0" timestamp="2021-10-25T21:30:42 IST" skipped="0">
  <testcase classname="com.demo.Trello.Trello_Test" name="trelloTest" time="3.042"/>
  <system-out/>
</testsuite> <!-- com.demo.Trello.Trello_Test -->
