<?xml version="1.0" encoding="UTF-8"?>
<!-- Generated by org.testng.reporters.JUnitReportReporter -->
<testsuite hostname="LAPTOP-MRSNP4RR" failures="0" tests="1" name="com.demo.testscripts.TC1_UserSignUp" time="13.515" errors="0" timestamp="2021-10-21T16:40:36 IST" skipped="0">
  <testcase classname="com.demo.testscripts.TC1_UserSignUp" name="userSignUpTest" time="13.515"/>
  <system-out/>
</testsuite> <!-- com.demo.testscripts.TC1_UserSignUp -->
