<?xml version="1.0" encoding="UTF-8"?>
<!-- Generated by org.testng.reporters.JUnitReportReporter -->
<testsuite hostname="DESKTOP-E80DE1T" failures="0" tests="1" name="com.demo.Trello.TC2_CreateList" time="0.851" errors="0" timestamp="29 Oct 2021 06:56:03 GMT" skipped="0">
  <testcase classname="com.demo.Trello.TC2_CreateList" name="createList" time="0.851"/>
</testsuite> <!-- com.demo.Trello.TC2_CreateList -->
